C51 COMPILER V9.54   BUZZER                                                                05/14/2024 17:21:59 PAGE 1   


C51 COMPILER V9.54, COMPILATION OF MODULE BUZZER
OBJECT MODULE PLACED IN .\Objects\buzzer.obj
COMPILER INVOKED BY: D:\keil5\C51\BIN\C51.EXE buzzer.c OPTIMIZE(8,SPEED) BROWSE DEBUG OBJECTEXTEND PRINT(.\Listings\buzz
                    -er.lst) TABS(2) OBJECT(.\Objects\buzzer.obj)

line level    source

   1          #include <REGX52.H>
   2          #include "Delay.h"
   3          
   4          sbit Buzzer=P0^6;
   5          
   6          unsigned int i;
   7          
   8          void Buzzer_Time(unsigned int ms)
   9          {
  10   1        for(i=0;i<ms*500;i++)
  11   1            {
  12   2              Buzzer=!Buzzer;
  13   2              Delay(1);
  14   2            }
  15   1      }


MODULE INFORMATION:   STATIC OVERLAYABLE
   CODE SIZE        =     47    ----
   CONSTANT SIZE    =   ----    ----
   XDATA SIZE       =   ----    ----
   PDATA SIZE       =   ----    ----
   DATA SIZE        =      2       2
   IDATA SIZE       =   ----    ----
   BIT SIZE         =   ----    ----
END OF MODULE INFORMATION.


C51 COMPILATION COMPLETE.  0 WARNING(S),  0 ERROR(S)
