C51 COMPILER V9.54   MAIN                                                                  05/14/2024 17:20:42 PAGE 1   


C51 COMPILER V9.54, COMPILATION OF MODULE MAIN
OBJECT MODULE PLACED IN .\Objects\main.obj
COMPILER INVOKED BY: D:\keil5\C51\BIN\C51.EXE main.c OPTIMIZE(8,SPEED) BROWSE DEBUG OBJECTEXTEND PRINT(.\Listings\main.l
                    -st) TABS(2) OBJECT(.\Objects\main.obj)

line level    source

   1          #include <REGX52.H>
   2          #include "Delay.h"
   3          #include "key.h"
   4          #include "Nixie.h"
   5          #include "buzzer.h"
   6          
   7          sbit Buzzer=P0^6;
   8          
   9          unsigned char KeyNum;
  10          
  11          
  12          void main()
  13          {
  14   1        
  15   1        while(1)
  16   1        {
  17   2          KeyNum=Key();
  18   2          if(KeyNum)
  19   2          {
  20   3            Buzzer_Time(5);
  21   3          }
  22   2        }
  23   1      }


MODULE INFORMATION:   STATIC OVERLAYABLE
   CODE SIZE        =     18    ----
   CONSTANT SIZE    =   ----    ----
   XDATA SIZE       =   ----    ----
   PDATA SIZE       =   ----    ----
   DATA SIZE        =      1    ----
   IDATA SIZE       =   ----    ----
   BIT SIZE         =   ----    ----
END OF MODULE INFORMATION.


C51 COMPILATION COMPLETE.  0 WARNING(S),  0 ERROR(S)
