C51 COMPILER V9.54   MAIN                                                                  04/09/2024 20:57:31 PAGE 1   


C51 COMPILER V9.54, COMPILATION OF MODULE MAIN
OBJECT MODULE PLACED IN .\Objects\main.obj
COMPILER INVOKED BY: D:\keil5\C51\BIN\C51.EXE main.c OPTIMIZE(8,SPEED) BROWSE DEBUG OBJECTEXTEND PRINT(.\Listings\main.l
                    -st) TABS(2) OBJECT(.\Objects\main.obj)

line level    source

   1          #include <REGX52.H>
   2          void Delay1ms(unsigned int xms) //@11.0592MHz
   3          {
   4   1        unsigned char data i, j;
   5   1        while(xms)
   6   1        {
   7   2          i = 11;
   8   2          j = 190;
   9   2          do
  10   2          {
  11   3            while (--j);
  12   3          } while (--i);
  13   2          xms--;
  14   2        }
  15   1      
  16   1        
  17   1      }
  18          
  19          void main()
  20          {
  21   1        
  22   1        
  23   1          //1111 1110
  24   1      //    P2_0=0;
  25   1      //    P2 =0x55;
  26   1          P2=0xFE;//1111 1110
  27   1          Delay1ms(100);
  28   1          P2=0xFD;//1111 1101
  29   1          Delay1ms(100);
  30   1          P2=0xFB;//1111 1011
  31   1          Delay1ms(100);
  32   1          P2=0xF7;//1111 0111
  33   1          Delay1ms(100);
  34   1          P2=0xEF;//1110 1111
  35   1          Delay1ms(100);
  36   1          P2=0xDF;//1101 1111
  37   1          Delay1ms(100);
  38   1          P2=0xBF;//1011 1111
  39   1          Delay1ms(100);
  40   1          P2=0x7F;//0111 1111
  41   1          Delay1ms(100);
  42   1          
  43   1        
  44   1      }


MODULE INFORMATION:   STATIC OVERLAYABLE
   CODE SIZE        =     76    ----
   CONSTANT SIZE    =   ----    ----
   XDATA SIZE       =   ----    ----
   PDATA SIZE       =   ----    ----
   DATA SIZE        =   ----    ----
   IDATA SIZE       =   ----    ----
   BIT SIZE         =   ----    ----
C51 COMPILER V9.54   MAIN                                                                  04/09/2024 20:57:31 PAGE 2   

END OF MODULE INFORMATION.


C51 COMPILATION COMPLETE.  0 WARNING(S),  0 ERROR(S)
