C51 COMPILER V9.54   DELAY                                                                 04/30/2024 23:09:12 PAGE 1   


C51 COMPILER V9.54, COMPILATION OF MODULE DELAY
OBJECT MODULE PLACED IN .\Objects\Delay.obj
COMPILER INVOKED BY: D:\keil5\C51\BIN\C51.EXE Delay.c OPTIMIZE(8,SPEED) BROWSE DEBUG OBJECTEXTEND PRINT(.\Listings\Delay
                    -.lst) TABS(2) OBJECT(.\Objects\Delay.obj)

line level    source

   1          void Delay(unsigned char Num) //@12.000MHz
   2          {
   3   1        unsigned char data i, j;
   4   1      
   5   1        i = 2;
   6   1        j = 199;
   7   1        do
   8   1        {
   9   2          while (--j);
  10   2        } while (--i);
  11   1        
  12   1      }
*** WARNING C280 IN LINE 1 OF Delay.c: 'Num': unreferenced local variable


MODULE INFORMATION:   STATIC OVERLAYABLE
   CODE SIZE        =     11    ----
   CONSTANT SIZE    =   ----    ----
   XDATA SIZE       =   ----    ----
   PDATA SIZE       =   ----    ----
   DATA SIZE        =   ----       1
   IDATA SIZE       =   ----    ----
   BIT SIZE         =   ----    ----
END OF MODULE INFORMATION.


C51 COMPILATION COMPLETE.  1 WARNING(S),  0 ERROR(S)
