C51 COMPILER V9.54   MAIN                                                                  04/30/2024 23:21:52 PAGE 1   


C51 COMPILER V9.54, COMPILATION OF MODULE MAIN
OBJECT MODULE PLACED IN .\Objects\main.obj
COMPILER INVOKED BY: D:\keil5\C51\BIN\C51.EXE main.c OPTIMIZE(8,SPEED) BROWSE DEBUG OBJECTEXTEND PRINT(.\Listings\main.l
                    -st) TABS(2) OBJECT(.\Objects\main.obj)

line level    source

   1          #include <REGX52.H>
   2          #include "Key.h"
   3          #include "Timer0.h"
   4          #include <INTRINS.H>
   5          
   6          
   7          unsigned char KeyNum,LEDMode;
   8          
   9          void main()
  10          {
  11   1        P2=0xFE;
  12   1        Timer0_Init();
  13   1        while(1)
  14   1        {
  15   2          KeyNum=Key();
  16   2          if(KeyNum){
  17   3            if(KeyNum==1)
  18   3            {
  19   4              LEDMode++;
  20   4              if(LEDMode>=2)LEDMode=0;
  21   4            }
  22   3            
  23   3          }
  24   2        }
  25   1      }
  26          
  27          
  28          void Timer0_Routine() interrupt 1
  29          {
  30   1        static unsigned int T0Count;
  31   1        TL0 = 0xFF; 
  32   1        TL0=0xFF;
  33   1        T0Count++;
  34   1        if(T0Count>=10)
  35   1        {
  36   2          T0Count=0;
  37   2          if(LEDMode==0)
  38   2            P2=_crol_(P2,1);
  39   2          if(LEDMode==1)
  40   2            P2=_cror_(P2,1);
  41   2        }
  42   1        
  43   1      } 


MODULE INFORMATION:   STATIC OVERLAYABLE
   CODE SIZE        =    116    ----
   CONSTANT SIZE    =   ----    ----
   XDATA SIZE       =   ----    ----
   PDATA SIZE       =   ----    ----
   DATA SIZE        =      4    ----
   IDATA SIZE       =   ----    ----
   BIT SIZE         =   ----    ----
END OF MODULE INFORMATION.

C51 COMPILER V9.54   MAIN                                                                  04/30/2024 23:21:52 PAGE 2   


C51 COMPILATION COMPLETE.  0 WARNING(S),  0 ERROR(S)
