C51 COMPILER V9.54   TIMER0                                                                04/30/2024 22:46:44 PAGE 1   


C51 COMPILER V9.54, COMPILATION OF MODULE TIMER0
OBJECT MODULE PLACED IN .\Objects\Timer0.obj
COMPILER INVOKED BY: D:\keil5\C51\BIN\C51.EXE Timer0.c OPTIMIZE(8,SPEED) BROWSE DEBUG OBJECTEXTEND PRINT(.\Listings\Time
                    -r0.lst) TABS(2) OBJECT(.\Objects\Timer0.obj)

line level    source

   1          #include <REGX52.H>
   2          
   3          /**
   4             * @brief   定时器0初始化，1毫秒@11.0592MHz
   5             * @param
   6             * @retval
   7             */
   8          void Timer0_Init(void)    //1微秒@11.0592MHz
   9          {
  10   1        TMOD &= 0xF0;     //设置定时器模式
  11   1        TMOD |= 0x01;     //设置定时器模式
  12   1        TL0 = 0xFF;       //设置定时初始值
  13   1        TH0 = 0xFF;       //设置定时初始值
  14   1        TF0 = 0;        //清除TF0标志
  15   1        TR0 = 1;        //定时器0开始计时
  16   1        ET0=1;
  17   1        EA=1;
  18   1        PT0=0;
  19   1      }
  20          
  21          /*
  22          void Timer0_Routine() interrupt 1
  23          {
  24            static unsigned int T0Count;
  25            TL0 = 0xFF; 
  26            TL0=0xFF;
  27            T0Count++;
  28            if(T0Count>=10000)
  29            {
  30              T0Count=0;
  31              P2_0=~P2_0;
  32            }
  33            
  34          } 
  35          */


MODULE INFORMATION:   STATIC OVERLAYABLE
   CODE SIZE        =     23    ----
   CONSTANT SIZE    =   ----    ----
   XDATA SIZE       =   ----    ----
   PDATA SIZE       =   ----    ----
   DATA SIZE        =   ----    ----
   IDATA SIZE       =   ----    ----
   BIT SIZE         =   ----    ----
END OF MODULE INFORMATION.


C51 COMPILATION COMPLETE.  0 WARNING(S),  0 ERROR(S)
