C51 COMPILER V9.54   MAIN                                                                  04/16/2024 23:30:43 PAGE 1   


C51 COMPILER V9.54, COMPILATION OF MODULE MAIN
OBJECT MODULE PLACED IN .\Objects\main.obj
COMPILER INVOKED BY: D:\keil5\C51\BIN\C51.EXE main.c OPTIMIZE(8,SPEED) BROWSE DEBUG OBJECTEXTEND PRINT(.\Listings\main.l
                    -st) TABS(2) OBJECT(.\Objects\main.obj)

line level    source

   1          #include <REGX52.H>
   2          
   3          unsigned char NixieTable[]={0xC0,0xF9,0xA4,0xB0,0x99,0x92,0x82,0xF8,0x80,0x90};
   4          void Delay(unsigned char Num);
   5          void Nixie(unsigned char Location,Number)
   6          {
   7   1        switch(Location)
   8   1        {
   9   2          case 1:P2_4=1;P2_3=1;P2_2=1;P2_1=0;break;
  10   2          case 2:P2_4=1;P2_3=1;P2_2=0;P2_1=1;break;
  11   2          case 3:P2_4=1;P2_3=0;P2_2=1;P2_1=1;break;
  12   2          case 4:P2_4=0;P2_3=1;P2_2=1;P2_1=1;break; 
  13   2        }
  14   1        P0=NixieTable[Number];
  15   1        Delay(1);
  16   1        P0=0xFF;
  17   1        
  18   1      }
  19          
  20          void Delay(unsigned char Num) //@12.000MHz
  21          {
  22   1        unsigned char data i, j;
  23   1        while(Num)
  24   1        {
  25   2          i = 2;
  26   2          j = 239;
  27   2          do
  28   2          {
  29   3            while (--j);
  30   3          } while (--i);
  31   2          Num--;
  32   2        }
  33   1        
  34   1      }
  35          
  36          void main()
  37          {
  38   1        while(1)
  39   1        {
  40   2          Nixie(1,1);
  41   2          Nixie(2,2);
  42   2          Nixie(3,3);
  43   2          Nixie(4,4);
  44   2        }
  45   1      }


MODULE INFORMATION:   STATIC OVERLAYABLE
   CODE SIZE        =    118    ----
   CONSTANT SIZE    =   ----    ----
   XDATA SIZE       =   ----    ----
   PDATA SIZE       =   ----    ----
   DATA SIZE        =     10    ----
   IDATA SIZE       =   ----    ----
C51 COMPILER V9.54   MAIN                                                                  04/16/2024 23:30:43 PAGE 2   

   BIT SIZE         =   ----    ----
END OF MODULE INFORMATION.


C51 COMPILATION COMPLETE.  0 WARNING(S),  0 ERROR(S)
