C51 COMPILER V9.54   NIXIE                                                                 04/18/2024 00:01:27 PAGE 1   


C51 COMPILER V9.54, COMPILATION OF MODULE NIXIE
OBJECT MODULE PLACED IN .\Objects\Nixie.obj
COMPILER INVOKED BY: D:\keil5\C51\BIN\C51.EXE Nixie.c OPTIMIZE(8,SPEED) BROWSE DEBUG OBJECTEXTEND PRINT(.\Listings\Nixie
                    -.lst) TABS(2) OBJECT(.\Objects\Nixie.obj)

line level    source

   1          #include <REGX52.H>
   2          #include "Delay.h"
   3          unsigned char NixieTable[]={0xC0,0xF9,0xA4,0xB0,0x99,0x92,0x82,0xF8,0x80,0x90};
   4          
   5          void Nixie(unsigned char Location,Number)
   6          {
   7   1        switch(Location)
   8   1        {
   9   2          case 1:P2_4=1;P2_3=1;P2_2=1;P2_1=0;break;
  10   2          case 2:P2_4=1;P2_3=1;P2_2=0;P2_1=1;break;
  11   2          case 3:P2_4=1;P2_3=0;P2_2=1;P2_1=1;break;
  12   2          case 4:P2_4=0;P2_3=1;P2_2=1;P2_1=1;break; 
  13   2        }
  14   1        P0=NixieTable[Number];
  15   1        Delay(1);
  16   1        P0=0xFF;
  17   1        
  18   1      }


MODULE INFORMATION:   STATIC OVERLAYABLE
   CODE SIZE        =     65    ----
   CONSTANT SIZE    =   ----    ----
   XDATA SIZE       =   ----    ----
   PDATA SIZE       =   ----    ----
   DATA SIZE        =     10    ----
   IDATA SIZE       =   ----    ----
   BIT SIZE         =   ----    ----
END OF MODULE INFORMATION.


C51 COMPILATION COMPLETE.  0 WARNING(S),  0 ERROR(S)
