C51 COMPILER V9.54   MAIN                                                                  04/13/2024 00:05:23 PAGE 1   


C51 COMPILER V9.54, COMPILATION OF MODULE MAIN
OBJECT MODULE PLACED IN .\Objects\main.obj
COMPILER INVOKED BY: D:\keil5\C51\BIN\C51.EXE main.c OPTIMIZE(8,SPEED) BROWSE DEBUG OBJECTEXTEND PRINT(.\Listings\main.l
                    -st) TABS(2) OBJECT(.\Objects\main.obj)

line level    source

   1          #include <REGX52.H>
   2          
   3          void Delay(unsigned int xms);
   4          
   5           unsigned char LEDNum=0;
   6            
   7          void main()
   8          {
   9   1        
  10   1        while(1)
  11   1        {
  12   2          if(P3_0==0)
  13   2          {
  14   3            Delay(20);
  15   3            while(P3_0==0);
  16   3            Delay(20);
  17   3            
  18   3            if(LEDNum==0&&P2==0xFF){P2=~0x01;continue;}
  19   3            
  20   3            LEDNum++;
  21   3            if(LEDNum>=8)LEDNum=0;
  22   3            P2=~(0x01<<LEDNum);
  23   3            
  24   3            
  25   3            
  26   3          }
  27   2          if(P3_1==0)
  28   2          {
  29   3            Delay(20);
  30   3            while(P3_1==0);
  31   3            Delay(20);
  32   3            
  33   3            if(LEDNum==0&&P2==0xFF){P2=~0x01;continue;}
  34   3            if(LEDNum==0)LEDNum=8;
  35   3            LEDNum--;
  36   3            P2=~(0x01<<LEDNum);
  37   3            
  38   3          }
  39   2        }
  40   1      }
  41          
  42          void Delay(unsigned int xms)  //@12.000MHz
  43          {
  44   1        unsigned char data i, j;
  45   1        while(xms--)
  46   1        {
  47   2          i = 2;
  48   2          j = 239;
  49   2          do
  50   2          {
  51   3            while (--j);
  52   3          } while (--i);
  53   2        }
  54   1      
C51 COMPILER V9.54   MAIN                                                                  04/13/2024 00:05:23 PAGE 2   

  55   1      }


MODULE INFORMATION:   STATIC OVERLAYABLE
   CODE SIZE        =    129    ----
   CONSTANT SIZE    =   ----    ----
   XDATA SIZE       =   ----    ----
   PDATA SIZE       =   ----    ----
   DATA SIZE        =      1    ----
   IDATA SIZE       =   ----    ----
   BIT SIZE         =   ----    ----
END OF MODULE INFORMATION.


C51 COMPILATION COMPLETE.  0 WARNING(S),  0 ERROR(S)
